C251 COMPILER V5.60.0,  beep                                                               04/07/23  19:48:29  PAGE 1   


C251 COMPILER V5.60.0, COMPILATION OF MODULE beep
OBJECT MODULE PLACED IN .\Objects\beep.obj
COMPILER INVOKED BY: D:\Keil_v5\C251\BIN\C251.EXE Sources\Task\src\beep.c XSMALL FUNCTIONS(REENTRANT) OPTIMIZE(4,SPEED) 
                    -BROWSE INCDIR(.\Sources\User;.\Sources\User\include;.\Sources\FreeRTOS\include;.\Sources\FreeRTOS\portable\STC32G12K128;
                    -.\Sources\Driver\inc;.\Sources\Task\inc) DEBUG PRINT(.\Listings\beep.lst) TABS(2) OBJECT(.\Objects\beep.obj) 

stmt  level    source

    1          #include "FreeRTOS.h"
    2          #include "task.h"
    3          
    4          #include "beep.h"
    5          
    6          #define beep P52
    7          #define on   0
    8          #define off  1
    9          #define uchar unsigned char
   10          
   11          //bit flag3;  //标志音乐输出脚电平的高低
   12          //uchar ptr=0x00;
   13          //uchar high;
   14          //uchar low;
   15          //uchar code music[]={
   16          //0xfc,0x44,0x7f, 0xfc,0x44,0x7f, 0xfc,0x44,0xff, 0xfa,0x68,0xff,
   17          //0xfd,0x23,0x7f, 0xfd,0x23,0x7f, 0xfd,0x23,0xff, 0xfc,0x44,0xff,
   18          //0xfc,0x44,0x7f, 0xfd,0x23,0x7f, 0xfd,0x82,0xff, 0xfd,0x82,0xff,
   19          //0xfd,0x23,0x7f, 0xfd,0x23,0x7f, 0xfc,0xac,0xff, 0xff,0xff,0xff,
   20          //0xfc,0xac,0x7f, 0xfd,0x23,0x7f, 0xfd,0x34,0xff, 0xfd,0x34,0xff,
   21          //};    //happy new year 歌曲
   22          
   23          //void PWMA_Output_init(void);
   24          //void Init();
   25          void beep_1hz(void);
   26          void beep_4hz(void);
   27          void beep_8hz(void);
   28          
   29          /* PWMB任务函数 */
   30          portTASK_FUNCTION( vPWMA_beepTask, pvParameters )
   31          {
   32   1          UNUSED( pvParameters );
   33   1      
   34   1          beep=off;
   35   1      
   36   1          while(1)
   37   1          {
   38   2            vTaskDelay(1);
   39   2          }
   40   1          
   41   1      }
   42          
   43          void beep_1hz(void)
   44          {
   45   1        beep=on;
   46   1        vTaskDelay(500);
   47   1        beep=off;
   48   1        vTaskDelay(500);
   49   1      }
   50          void beep_4hz(void)
   51          {
   52   1        beep=on;
   53   1        vTaskDelay(125);
   54   1        beep=off;
   55   1        vTaskDelay(125);
   56   1      }
   57          void beep_8hz(void)
C251 COMPILER V5.60.0,  beep                                                               04/07/23  19:48:29  PAGE 2   

   58          {
   59   1        beep=on;
   60   1        vTaskDelay(62);
   61   1        beep=off;
   62   1        vTaskDelay(63);
   63   1      }
   64          
   65          //void beep_output(void)
   66          //{
   67          //  uchar time;
   68          //  if(music[ptr]!=0xff&&music[ptr]!=0x00)
   69          //  {
   70          //     TR1=0;
   71          //     beep=1;
   72          //     vTaskDelay(10);
   73          //     high=music[ptr];
   74          //     low= music[ptr+1];
   75          //     time=music[ptr+2];
   76          //     vTaskDelay(time);
   77          //     ptr+=3;
   78          //  }
   79          //  else if(music[ptr]==0xff)
   80          //  {
   81          //    time=music[ptr+2];
   82          //    vTaskDelay(time);
   83          //    ptr+=3;
   84          //  }
   85          //  else
   86          //  {
   87          //    TR1=0;
   88          //    beep=1;
   89          //    vTaskDelay(2000);
   90          //    ptr=0;
   91          //  }
   92          //}
   93          
   94          //void PWMA_Output_init(void)
   95          //{
   96          //  Init();
   97          //   TH1=high;
   98          //   TL1=low;
   99          //}
  100          
  101          //void Count1(void) interrupt 3
  102          //{
  103          //  TH1=high;
  104          //  TL1=low;
  105          //  if(flag3==0)
  106          //  {
  107          //     beep=0;
  108          //     flag3=1;
  109          //  }
  110          //  else
  111          //  {
  112          //     beep=1;
  113          //     flag3=0;
  114          //  }
  115          //}
  116          //void Init()
  117          //{
  118          //   TMOD=0x01;
  119          //   EA=1;
  120          //   ET1=1;
  121          //}
  122          
  123          
C251 COMPILER V5.60.0,  beep                                                               04/07/23  19:48:29  PAGE 3   



Module Information          Static   Overlayable
------------------------------------------------
  code size            =        68     ------
  ecode size           =    ------     ------
  data size            =    ------     ------
  idata size           =    ------     ------
  pdata size           =    ------     ------
  xdata size           =    ------     ------
  xdata-const size     =    ------     ------
  edata size           =    ------     ------
  bit size             =    ------     ------
  ebit size            =    ------     ------
  bitaddressable size  =    ------     ------
  ebitaddressable size =    ------     ------
  far data size        =    ------     ------
  huge data size       =    ------     ------
  const size           =    ------     ------
  hconst size          =    ------     ------
End of Module Information.


C251 COMPILATION COMPLETE.  0 WARNING(S),  0 ERROR(S)
