C251 COMPILER V5.60.0,  display                                                            04/07/23  12:54:11  PAGE 1   


C251 COMPILER V5.60.0, COMPILATION OF MODULE display
OBJECT MODULE PLACED IN .\Objects\display.obj
COMPILER INVOKED BY: D:\Keil_v5\C251\BIN\C251.EXE Sources\Task\src\display.c XSMALL FUNCTIONS(REENTRANT) OPTIMIZE(4,SPEE
                    -D) BROWSE INCDIR(.\Sources\User;.\Sources\User\include;.\Sources\FreeRTOS\include;.\Sources\FreeRTOS\portable\STC32G12K1
                    -28;.\Sources\Driver\inc;.\Sources\Task\inc) DEBUG PRINT(.\Listings\display.lst) TABS(2) OBJECT(.\Objects\display.obj) 

stmt  level    source

    1          #include "FreeRTOS.h"
    2          #include "task.h"
    3          
    4          #include "display.h"
    5          
    6          static void prvDisplayInit( void );
    7          static void prvDisplayUpdate( void );
    8          
    9          static uint8_t ucDisplayIndex;                          //显示位索引
   10          uint8_t pucLEDBuffer[8];                                //显示缓冲
   11          
   12          
   13          /* 显示任务函数 */
   14          portTASK_FUNCTION( vDisplayTask, pvParameters )
   15          {
   16   1        //const TickType_t xDelay100ms = pdMS_TO_TICKS( 100UL );
   17   1        UNUSED( pvParameters );
   18   1          
   19   1          prvDisplayInit();
   20   1          while(1)
   21   1          {
   22   2              prvDisplayUpdate();
   23   2              
   24   2              vTaskDelay(1);
   25   2          }
   26   1          
   27   1          vTaskDelete(NULL);
   28   1      }   
   29          
   30          static void prvDisplayInit( void )
   31          {
   32   1          uint8_t index;
   33   1          
   34   1          for (index = 0; index < 8; index++)
   35   1              pucLEDBuffer[index] = DIS_BLACK;
   36   1          
   37   1          ucDisplayIndex = 0;
   38   1      }
   39          
   40          static void prvDisplayUpdate( void )
   41          {
   42   1          static uint8_t code pucBITMAP[] =                   //位码
   43   1          {
   44   1              0x01,0x02,0x04,0x08,0x10,0x20,0x40,0x80
   45   1          };
   46   1          static uint8_t code pucDISPLAY[] =                  //标准字库
   47   1          {
   48   1          //   0    1    2    3    4    5    6    7    8    9    A    B    C    D    E    F
   49   1              0x3F,0x06,0x5B,0x4F,0x66,0x6D,0x7D,0x07,0x7F,0x6F,0x77,0x7C,0x39,0x5E,0x79,0x71,
   50   1          //black  -     H    J    K    L    N    o   P    U     t    G    Q    r   M    y
   51   1              0x00,0x40,0x76,0x1E,0x70,0x38,0x37,0x5C,0x73,0x3E,0x78,0x3d,0x67,0x50,0x37,0x6e,
   52   1          //   0.   1.   2.   3.   4.   5.   6.   7.   8.   9.   -1
   53   1              0xBF,0x86,0xDB,0xCF,0xE6,0xED,0xFD,0x87,0xFF,0xEF,0x46
   54   1          };
   55   1        P6 = 0xff;                                          //防止鬼影
   56   1        P7 = ~pucBITMAP[7-ucDisplayIndex];
   57   1        P6 = ~pucDISPLAY[pucLEDBuffer[ucDisplayIndex]];
C251 COMPILER V5.60.0,  display                                                            04/07/23  12:54:11  PAGE 2   

   58   1          
   59   1          if(++ucDisplayIndex >= 8)
   60   1              ucDisplayIndex = 0;                             //8位结束回0
   61   1      }
   62          


Module Information          Static   Overlayable
------------------------------------------------
  code size            =       162     ------
  ecode size           =    ------     ------
  data size            =    ------     ------
  idata size           =    ------     ------
  pdata size           =    ------     ------
  xdata size           =    ------     ------
  xdata-const size     =    ------     ------
  edata size           =         9     ------
  bit size             =    ------     ------
  ebit size            =    ------     ------
  bitaddressable size  =    ------     ------
  ebitaddressable size =    ------     ------
  far data size        =    ------     ------
  huge data size       =    ------     ------
  const size           =    ------     ------
  hconst size          =    ------     ------
End of Module Information.


C251 COMPILATION COMPLETE.  0 WARNING(S),  0 ERROR(S)
